{"/Users/albert.li/ws/prj/picasa/picasa-vue/src/preload/image-helper.ts": {"path":"/Users/albert.li/ws/prj/picasa/picasa-vue/src/preload/image-helper.ts","statementMap":{"0":{"start":{"line":1,"column":0},"end":{"line":1,"column":39}},"1":{"start":{"line":2,"column":0},"end":{"line":2,"column":70}},"2":{"start":{"line":5,"column":19},"end":{"line":5,"column":66}},"3":{"start":{"line":6,"column":4},"end":{"line":6,"column":35}},"4":{"start":{"line":4,"column":0},"end":{"line":4,"column":22}},"5":{"start":{"line":10,"column":17},"end":{"line":10,"column":41}},"6":{"start":{"line":11,"column":4},"end":{"line":11,"column":30}},"7":{"start":{"line":9,"column":0},"end":{"line":9,"column":22}}},"fnMap":{"0":{"name":"getImageType","decl":{"start":{"line":4,"column":22},"end":{"line":4,"column":34}},"loc":{"start":{"line":4,"column":47},"end":{"line":7,"column":null}}},"1":{"name":"isImage","decl":{"start":{"line":9,"column":22},"end":{"line":9,"column":29}},"loc":{"start":{"line":9,"column":34},"end":{"line":12,"column":null}}}},"branchMap":{},"s":{"0":1,"1":1,"2":2,"3":2,"4":1,"5":1,"6":1,"7":1},"f":{"0":2,"1":1},"b":{}}
,"/Users/albert.li/ws/prj/picasa/picasa-vue/src/preload/path-helper.ts": {"path":"/Users/albert.li/ws/prj/picasa/picasa-vue/src/preload/path-helper.ts","statementMap":{"0":{"start":{"line":1,"column":0},"end":{"line":1,"column":24}},"1":{"start":{"line":8,"column":21},"end":{"line":8,"column":34}},"2":{"start":{"line":9,"column":17},"end":{"line":9,"column":30}},"3":{"start":{"line":10,"column":4},"end":{"line":10,"column":55}},"4":{"start":{"line":7,"column":0},"end":{"line":7,"column":16}}},"fnMap":{"0":{"name":"toFullPath","decl":{"start":{"line":7,"column":16},"end":{"line":7,"column":26}},"loc":{"start":{"line":7,"column":64},"end":{"line":11,"column":1}}}},"branchMap":{"0":{"loc":{"start":{"line":8,"column":21},"end":{"line":8,"column":34}},"type":"binary-expr","locations":[{"start":{"line":8,"column":21},"end":{"line":8,"column":28}},{"start":{"line":8,"column":32},"end":{"line":8,"column":34}}]},"1":{"loc":{"start":{"line":10,"column":11},"end":{"line":10,"column":54}},"type":"cond-expr","locations":[{"start":{"line":10,"column":18},"end":{"line":10,"column":43}},{"start":{"line":10,"column":46},"end":{"line":10,"column":54}}]}},"s":{"0":1,"1":1,"2":1,"3":1,"4":1},"f":{"0":1},"b":{"0":[1,0],"1":[1,0]}}
}
